<?xml version="1.0" encoding="UTF-8"?>
<!-- Generated by org.testng.reporters.JUnitReportReporter -->
<testsuite hostname="LAPTOP-BAKPG5T9" failures="0" tests="1" name="com.dalalstreet.testLayer.LoginPageTest" time="11.240" errors="0" timestamp="2022-11-30T00:22:42 IST" skipped="0">
  <testcase classname="com.dalalstreet.testLayer.LoginPageTest" name="verifyLoginTest" time="11.240"/>
  <system-out/>
</testsuite> <!-- com.dalalstreet.testLayer.LoginPageTest -->
